<?xml version="1.0" encoding="UTF-8"?>
<testng-results skipped="0" failed="0" total="1" passed="1">
  <reporter-output>
  </reporter-output>
  <suite name="Default suite" duration-ms="9248" started-at="2017-08-04T10:27:59Z" finished-at="2017-08-04T10:28:08Z">
    <groups>
    </groups>
    <test name="Default test" duration-ms="9248" started-at="2017-08-04T10:27:59Z" finished-at="2017-08-04T10:28:08Z">
      <class name="growfit.Panel.Testcase1">
        <test-method status="PASS" signature="beforeSuite()[pri:0, instance:growfit.Panel.Testcase1@1e643faf]" name="beforeSuite" is-config="true" duration-ms="357" started-at="2017-08-04T15:57:59Z" finished-at="2017-08-04T15:57:59Z">
          <reporter-output>
          </reporter-output>
        </test-method> <!-- beforeSuite -->
        <test-method status="PASS" signature="beforeTest()[pri:0, instance:growfit.Panel.Testcase1@1e643faf]" name="beforeTest" is-config="true" duration-ms="6183" started-at="2017-08-04T15:57:59Z" finished-at="2017-08-04T15:58:05Z">
          <reporter-output>
          </reporter-output>
        </test-method> <!-- beforeTest -->
        <test-method status="PASS" signature="f()[pri:0, instance:growfit.Panel.Testcase1@1e643faf]" name="f" duration-ms="8" started-at="2017-08-04T15:58:05Z" finished-at="2017-08-04T15:58:05Z">
          <reporter-output>
          </reporter-output>
        </test-method> <!-- f -->
        <test-method status="PASS" signature="aftermethod(org.testng.ITestResult)[pri:0, instance:growfit.Panel.Testcase1@1e643faf]" name="aftermethod" is-config="true" duration-ms="13" started-at="2017-08-04T15:58:05Z" finished-at="2017-08-04T15:58:05Z">
          <params>
            <param index="0">
              <value>
                <![CDATA[[TestResult name=f status=SUCCESS method=Testcase1.f()[pri:0, instance:growfit.Panel.Testcase1@1e643faf] output={null}]]]>
              </value>
            </param>
          </params>
          <reporter-output>
          </reporter-output>
        </test-method> <!-- aftermethod -->
        <test-method status="PASS" signature="afterTest()[pri:0, instance:growfit.Panel.Testcase1@1e643faf]" name="afterTest" is-config="true" duration-ms="3029" started-at="2017-08-04T15:58:05Z" finished-at="2017-08-04T15:58:08Z">
          <reporter-output>
          </reporter-output>
        </test-method> <!-- afterTest -->
        <test-method status="PASS" signature="afterSuite()[pri:0, instance:growfit.Panel.Testcase1@1e643faf]" name="afterSuite" is-config="true" duration-ms="2" started-at="2017-08-04T15:58:08Z" finished-at="2017-08-04T15:58:08Z">
          <reporter-output>
          </reporter-output>
        </test-method> <!-- afterSuite -->
      </class> <!-- growfit.Panel.Testcase1 -->
    </test> <!-- Default test -->
  </suite> <!-- Default suite -->
</testng-results>
