<?xml version="1.0" encoding="UTF-8"?>
<!-- Generated by org.testng.reporters.JUnitXMLReporter -->
<testsuite hostname="Amlan-PC" ignored="2" name="Command line test" tests="1" failures="0" timestamp="18 Aug 2017 06:03:29 GMT" time="13.174" errors="0">
  <testcase name="f" time="0.002" classname="growfit.Panel.Testcase1"/>
  <testcase name="@AfterSuite afterSuite" time="0.0" classname="growfit.Panel.BaseTest">
    <ignored/>
  </testcase> <!-- @AfterSuite afterSuite -->
  <testcase name="@BeforeSuite beforeSuite" time="0.0" classname="growfit.Panel.BaseTest">
    <ignored/>
  </testcase> <!-- @BeforeSuite beforeSuite -->
</testsuite> <!-- Command line test -->
