<?xml version="1.0" encoding="UTF-8"?>
<testng-results skipped="0" failed="0" ignored="0" total="1" passed="1">
  <reporter-output>
  </reporter-output>
  <suite name="Command line suite" duration-ms="16" started-at="2017-08-18T06:03:29Z" finished-at="2017-08-18T06:03:29Z">
    <groups>
    </groups>
    <test name="Command line test" duration-ms="16" started-at="2017-08-18T06:03:29Z" finished-at="2017-08-18T06:03:29Z">
      <class name="growfit.Panel.AppTest">
        <test-method status="PASS" signature="testApp()[pri:0, instance:testApp(growfit.Panel.AppTest)]" name="testApp" duration-ms="2" started-at="2017-08-18T11:33:29Z" finished-at="2017-08-18T11:33:29Z">
          <reporter-output>
          </reporter-output>
        </test-method> <!-- testApp -->
      </class> <!-- growfit.Panel.AppTest -->
    </test> <!-- Command line test -->
  </suite> <!-- Command line suite -->
</testng-results>
